Arguments: 
  /Users/evandana/.nvm/versions/node/v8.11.3/bin/node /Users/evandana/.nvm/versions/node/v8.11.3/bin/yarn add express

PATH: 
  /usr/local/opt/tomcat@8/bin:/usr/local/bin:/usr/bin:/bin:/usr/sbin:/sbin:/usr/local/Cellar/node/10.5.0/bin:/Library/GE/bin:/usr/local/opt/tomcat@8/bin:/Users/evandana/.nvm/versions/node/v8.11.3/bin

Yarn version: 
  1.9.2

Node version: 
  8.11.3

Platform: 
  darwin x64

Trace: 
  Error: https://registry.npmjs.org/express: SSL Error: UNABLE_TO_GET_ISSUER_CERT_LOCALLY
      at Request.module.exports.Request.onRequestResponse (/Users/evandana/.nvm/versions/node/v8.11.3/lib/node_modules/yarn/lib/cli.js:138179:24)
      at emitOne (events.js:116:13)
      at ClientRequest.emit (events.js:211:7)
      at HTTPParser.parserOnIncomingClient [as onIncoming] (_http_client.js:543:21)
      at HTTPParser.parserOnHeadersComplete (_http_common.js:112:17)
      at TLSSocket.socketOnData (_http_client.js:440:20)
      at emitOne (events.js:116:13)
      at TLSSocket.emit (events.js:211:7)
      at addChunk (_stream_readable.js:263:12)
      at readableAddChunk (_stream_readable.js:250:11)

npm manifest: 
  {
    "name": "212-html-import-test",
    "version": "1.0.0",
    "main": "server.js",
    "repository": "git@github.build.ge.com:212590576/html-import-test.git",
    "author": "Evan Dana <evan.dana@gmail.com>",
    "license": "MIT"
  }

yarn manifest: 
  No manifest

Lockfile: 
  # THIS IS AN AUTOGENERATED FILE. DO NOT EDIT THIS FILE DIRECTLY.
  # yarn lockfile v1
